# JRE version: Java(TM) SE Runtime Environment (8.0_101-b13) (build 1.8.0_101-b13)
# Java VM: Java HotSpot(TM) 64-Bit Server VM (25.101-b13 mixed mode linux-amd64 compressed oops)
Heap:
 PSYoungGen      total 1016320K, used 8614K [0x0000000718f80000, 0x0000000759900000, 0x00000007c0000000)
  eden space 999424K, 0% used [0x0000000718f80000,0x0000000718f80000,0x0000000755f80000)
  from space 16896K, 50% used [0x0000000757800000,0x0000000758069b78,0x0000000758880000)
  to   space 9216K, 0% used [0x0000000759000000,0x0000000759000000,0x0000000759900000)
 ParOldGen       total 151040K, used 15018K [0x00000005cae00000, 0x00000005d4180000, 0x0000000718f80000)
  object space 151040K, 9% used [0x00000005cae00000,0x00000005cbcaaa48,0x00000005d4180000)
 Metaspace       used 27412K, capacity 34887K, committed 34992K, reserved 1075200K
  class space    used 6541K, capacity 9038K, committed 9136K, reserved 1048576K
GC Heap History (10 events):
Event: 4.956 GC heap after
Heap after GC invocations=3 (full 0):
 PSYoungGen      total 279040K, used 10226K [0x0000000718f80000, 0x000000073b080000, 0x00000007c0000000)
  eden space 258048K, 0% used [0x0000000718f80000,0x0000000718f80000,0x0000000728b80000)
  from space 20992K, 48% used [0x0000000728b80000,0x000000072957c828,0x000000072a000000)
  to   space 20992K, 0% used [0x0000000739c00000,0x0000000739c00000,0x000000073b080000)
 ParOldGen       total 343040K, used 40K [0x00000005cae00000, 0x00000005dfd00000, 0x0000000718f80000)
  object space 343040K, 0% used [0x00000005cae00000,0x00000005cae0a000,0x00000005dfd00000)
 Metaspace       used 17193K, capacity 19553K, committed 19584K, reserved 1064960K
  class space    used 3875K, capacity 4712K, committed 4736K, reserved 1048576K
}
Event: 5.047 GC heap before
{Heap before GC invocations=4 (full 0):
 PSYoungGen      total 279040K, used 268274K [0x0000000718f80000, 0x000000073b080000, 0x00000007c0000000)
  eden space 258048K, 100% used [0x0000000718f80000,0x0000000728b80000,0x0000000728b80000)
  from space 20992K, 48% used [0x0000000728b80000,0x000000072957c828,0x000000072a000000)
  to   space 20992K, 0% used [0x0000000739c00000,0x0000000739c00000,0x000000073b080000)
 ParOldGen       total 343040K, used 40K [0x00000005cae00000, 0x00000005dfd00000, 0x0000000718f80000)
  object space 343040K, 0% used [0x00000005cae00000,0x00000005cae0a000,0x00000005dfd00000)
 Metaspace       used 17747K, capacity 20317K, committed 20608K, reserved 1064960K
  class space    used 4005K, capacity 4908K, committed 4992K, reserved 1048576K
Event: 5.152 GC heap after
Heap after GC invocations=4 (full 0):
 PSYoungGen      total 537088K, used 13028K [0x0000000718f80000, 0x000000073b080000, 0x00000007c0000000)
  eden space 516096K, 0% used [0x0000000718f80000,0x0000000718f80000,0x0000000738780000)
  from space 20992K, 62% used [0x0000000739c00000,0x000000073a8b9010,0x000000073b080000)
  to   space 20992K, 0% used [0x0000000738780000,0x0000000738780000,0x0000000739c00000)
 ParOldGen       total 343040K, used 48K [0x00000005cae00000, 0x00000005dfd00000, 0x0000000718f80000)
  object space 343040K, 0% used [0x00000005cae00000,0x00000005cae0c000,0x00000005dfd00000)
 Metaspace       used 17747K, capacity 20317K, committed 20608K, reserved 1064960K
  class space    used 4005K, capacity 4908K, committed 4992K, reserved 1048576K
}
Event: 5.290 GC heap before
{Heap before GC invocations=5 (full 0):
 PSYoungGen      total 537088K, used 225333K [0x0000000718f80000, 0x000000073b080000, 0x00000007c0000000)
  eden space 516096K, 41% used [0x0000000718f80000,0x0000000725ed4608,0x0000000738780000)
  from space 20992K, 62% used [0x0000000739c00000,0x000000073a8b9010,0x000000073b080000)
  to   space 20992K, 0% used [0x0000000738780000,0x0000000738780000,0x0000000739c00000)
 ParOldGen       total 343040K, used 48K [0x00000005cae00000, 0x00000005dfd00000, 0x0000000718f80000)
  object space 343040K, 0% used [0x00000005cae00000,0x00000005cae0c000,0x00000005dfd00000)
 Metaspace       used 18393K, capacity 21271K, committed 21296K, reserved 1064960K
  class space    used 4185K, capacity 5146K, committed 5168K, reserved 1048576K
Event: 5.439 GC heap after
Heap after GC invocations=5 (full 0):
 PSYoungGen      total 537088K, used 15198K [0x0000000718f80000, 0x000000075a080000, 0x00000007c0000000)
  eden space 516096K, 0% used [0x0000000718f80000,0x0000000718f80000,0x0000000738780000)
  from space 20992K, 72% used [0x0000000738780000,0x0000000739657a80,0x0000000739c00000)
  to   space 16896K, 0% used [0x0000000759000000,0x0000000759000000,0x000000075a080000)
 ParOldGen       total 343040K, used 56K [0x00000005cae00000, 0x00000005dfd00000, 0x0000000718f80000)
  object space 343040K, 0% used [0x00000005cae00000,0x00000005cae0e000,0x00000005dfd00000)
 Metaspace       used 18393K, capacity 21271K, committed 21296K, reserved 1064960K
  class space    used 4185K, capacity 5146K, committed 5168K, reserved 1048576K
}
Event: 5.439 GC heap before
{Heap before GC invocations=6 (full 1):
 PSYoungGen      total 537088K, used 15198K [0x0000000718f80000, 0x000000075a080000, 0x00000007c0000000)
  eden space 516096K, 0% used [0x0000000718f80000,0x0000000718f80000,0x0000000738780000)
  from space 20992K, 72% used [0x0000000738780000,0x0000000739657a80,0x0000000739c00000)
  to   space 16896K, 0% used [0x0000000759000000,0x0000000759000000,0x000000075a080000)
 ParOldGen       total 343040K, used 56K [0x00000005cae00000, 0x00000005dfd00000, 0x0000000718f80000)
  object space 343040K, 0% used [0x00000005cae00000,0x00000005cae0e000,0x00000005dfd00000)
 Metaspace       used 18393K, capacity 21271K, committed 21296K, reserved 1064960K
  class space    used 4185K, capacity 5146K, committed 5168K, reserved 1048576K
Event: 5.514 GC heap after
Heap after GC invocations=6 (full 1):
 PSYoungGen      total 537088K, used 0K [0x0000000718f80000, 0x000000075a080000, 0x00000007c0000000)
  eden space 516096K, 0% used [0x0000000718f80000,0x0000000718f80000,0x0000000738780000)
  from space 20992K, 0% used [0x0000000738780000,0x0000000738780000,0x0000000739c00000)
  to   space 16896K, 0% used [0x0000000759000000,0x0000000759000000,0x000000075a080000)
 ParOldGen       total 151040K, used 15002K [0x00000005cae00000, 0x00000005d4180000, 0x0000000718f80000)
  object space 151040K, 9% used [0x00000005cae00000,0x00000005cbca6a48,0x00000005d4180000)
 Metaspace       used 18391K, capacity 21265K, committed 21296K, reserved 1064960K
  class space    used 4184K, capacity 5145K, committed 5168K, reserved 1048576K
}
Event: 9.090 GC heap before
{Heap before GC invocations=7 (full 1):
 PSYoungGen      total 537088K, used 516096K [0x0000000718f80000, 0x000000075a080000, 0x00000007c0000000)
  eden space 516096K, 100% used [0x0000000718f80000,0x0000000738780000,0x0000000738780000)
  from space 20992K, 0% used [0x0000000738780000,0x0000000738780000,0x0000000739c00000)
  to   space 16896K, 0% used [0x0000000759000000,0x0000000759000000,0x000000075a080000)
 ParOldGen       total 151040K, used 15002K [0x00000005cae00000, 0x00000005d4180000, 0x0000000718f80000)
  object space 151040K, 9% used [0x00000005cae00000,0x00000005cbca6a48,0x00000005d4180000)
 Metaspace       used 24965K, capacity 31073K, committed 31152K, reserved 1073152K
  class space    used 5803K, capacity 7843K, committed 7856K, reserved 1048576K
Event: 9.109 GC heap after
Heap after GC invocations=7 (full 1):
 PSYoungGen      total 1008640K, used 8766K [0x0000000718f80000, 0x0000000759900000, 0x00000007c0000000)
  eden space 999424K, 0% used [0x0000000718f80000,0x0000000718f80000,0x0000000755f80000)
  from space 9216K, 95% used [0x0000000759000000,0x000000075988f800,0x0000000759900000)
  to   space 16896K, 0% used [0x0000000757800000,0x0000000757800000,0x0000000758880000)
 ParOldGen       total 151040K, used 15010K [0x00000005cae00000, 0x00000005d4180000, 0x0000000718f80000)
  object space 151040K, 9% used [0x00000005cae00000,0x00000005cbca8a48,0x00000005d4180000)
 Metaspace       used 24965K, capacity 31073K, committed 31152K, reserved 1073152K
  class space    used 5803K, capacity 7843K, committed 7856K, reserved 1048576K
}
Event: 958.604 GC heap before
{Heap before GC invocations=8 (full 1):
 PSYoungGen      total 1008640K, used 1008190K [0x0000000718f80000, 0x0000000759900000, 0x00000007c0000000)
  eden space 999424K, 100% used [0x0000000718f80000,0x0000000755f80000,0x0000000755f80000)
  from space 9216K, 95% used [0x0000000759000000,0x000000075988f800,0x0000000759900000)
  to   space 16896K, 0% used [0x0000000757800000,0x0000000757800000,0x0000000758880000)
 ParOldGen       total 151040K, used 15010K [0x00000005cae00000, 0x00000005d4180000, 0x0000000718f80000)
  object space 151040K, 9% used [0x00000005cae00000,0x00000005cbca8a48,0x00000005d4180000)
 Metaspace       used 27412K, capacity 34887K, committed 34992K, reserved 1075200K
  class space    used 6541K, capacity 9038K, committed 9136K, reserved 1048576K

